<?xml version="1.0" encoding="UTF-8"?>
<!-- Generated by org.testng.reporters.JUnitXMLReporter -->
<testsuite ignored="0" hostname="DESKTOP-HVLADVB" failures="0" tests="4" name="Default test" time="24.251" errors="0" timestamp="2021-10-20T21:08:18 IST">
  <testcase classname="Academy.HomePage" name="basePageNavigation" time="6.52"/>
  <testcase classname="Academy.HomePage" name="basePageNavigation" time="3.533"/>
  <testcase classname="Academy.validateTitle" name="validateAppTitle" time="0.095"/>
  <testcase classname="Academy.validateNavigationBar" name="validateAppNavBar" time="0.119"/>
</testsuite> <!-- Default test -->
