<?xml version="1.0" encoding="UTF-8"?>
<testng-results ignored="0" total="4" passed="4" failed="0" skipped="0">
  <reporter-output>
  </reporter-output>
  <suite started-at="2021-10-20T21:08:49 IST" name="Suite" finished-at="2021-10-20T21:09:09 IST" duration-ms="20148">
    <groups>
    </groups>
    <test started-at="2021-10-20T21:08:49 IST" name="Validating User login" finished-at="2021-10-20T21:08:59 IST" duration-ms="10243">
      <class name="Academy.HomePage">
        <test-method is-config="true" signature="initialize()[pri:0, instance:Academy.HomePage@78aea4b9]" started-at="2021-10-20T21:08:49 IST" name="initialize" finished-at="2021-10-20T21:08:51 IST" duration-ms="2465" status="PASS">
          <reporter-output>
          </reporter-output>
        </test-method> <!-- initialize -->
        <test-method signature="basePageNavigation(java.lang.String,java.lang.String,java.lang.String)[pri:0, instance:Academy.HomePage@78aea4b9]" started-at="2021-10-20T21:08:51 IST" name="basePageNavigation" data-provider="getData" finished-at="2021-10-20T21:08:56 IST" duration-ms="5050" status="PASS">
          <params>
            <param index="0">
              <value>
                <![CDATA[nonrestricteduser@qw.com]]>
              </value>
            </param>
            <param index="1">
              <value>
                <![CDATA[123456]]>
              </value>
            </param>
            <param index="2">
              <value>
                <![CDATA[Restrcited User]]>
              </value>
            </param>
          </params>
          <reporter-output>
          </reporter-output>
        </test-method> <!-- basePageNavigation -->
        <test-method signature="basePageNavigation(java.lang.String,java.lang.String,java.lang.String)[pri:0, instance:Academy.HomePage@78aea4b9]" started-at="2021-10-20T21:08:56 IST" name="basePageNavigation" data-provider="getData" finished-at="2021-10-20T21:08:59 IST" duration-ms="2543" status="PASS">
          <params>
            <param index="0">
              <value>
                <![CDATA[restricteduser@qw.com]]>
              </value>
            </param>
            <param index="1">
              <value>
                <![CDATA[456788]]>
              </value>
            </param>
            <param index="2">
              <value>
                <![CDATA[Non restricted user]]>
              </value>
            </param>
          </params>
          <reporter-output>
          </reporter-output>
        </test-method> <!-- basePageNavigation -->
        <test-method is-config="true" signature="teardown()[pri:0, instance:Academy.HomePage@78aea4b9]" started-at="2021-10-20T21:08:59 IST" name="teardown" finished-at="2021-10-20T21:08:59 IST" duration-ms="98" status="PASS">
          <reporter-output>
          </reporter-output>
        </test-method> <!-- teardown -->
      </class> <!-- Academy.HomePage -->
    </test> <!-- Validating User login -->
    <test started-at="2021-10-20T21:09:00 IST" name="Validating title in the Page" finished-at="2021-10-20T21:09:04 IST" duration-ms="4319">
      <class name="Academy.validateTitle">
        <test-method is-config="true" signature="initialize()[pri:0, instance:Academy.validateTitle@2b62442c]" started-at="2021-10-20T21:09:00 IST" name="initialize" finished-at="2021-10-20T21:09:04 IST" duration-ms="4051" status="PASS">
          <reporter-output>
          </reporter-output>
        </test-method> <!-- initialize -->
        <test-method signature="validateAppTitle()[pri:0, instance:Academy.validateTitle@2b62442c]" started-at="2021-10-20T21:09:04 IST" name="validateAppTitle" finished-at="2021-10-20T21:09:04 IST" duration-ms="83" status="PASS">
          <reporter-output>
          </reporter-output>
        </test-method> <!-- validateAppTitle -->
        <test-method is-config="true" signature="teardown()[pri:0, instance:Academy.validateTitle@2b62442c]" started-at="2021-10-20T21:09:04 IST" name="teardown" finished-at="2021-10-20T21:09:04 IST" duration-ms="182" status="PASS">
          <reporter-output>
          </reporter-output>
        </test-method> <!-- teardown -->
      </class> <!-- Academy.validateTitle -->
    </test> <!-- Validating title in the Page -->
    <test started-at="2021-10-20T21:09:04 IST" name="App Testing" finished-at="2021-10-20T21:09:04 IST" duration-ms="1">
    </test> <!-- App Testing -->
    <test started-at="2021-10-20T21:09:04 IST" name="Validating navigation Bar" finished-at="2021-10-20T21:09:09 IST" duration-ms="4814">
      <class name="Academy.validateNavigationBar">
        <test-method is-config="true" signature="initialize()[pri:0, instance:Academy.validateNavigationBar@7a34b7b8]" started-at="2021-10-20T21:09:04 IST" name="initialize" finished-at="2021-10-20T21:09:09 IST" duration-ms="4480" status="PASS">
          <reporter-output>
          </reporter-output>
        </test-method> <!-- initialize -->
        <test-method signature="validateAppNavBar()[pri:0, instance:Academy.validateNavigationBar@7a34b7b8]" started-at="2021-10-20T21:09:09 IST" name="validateAppNavBar" finished-at="2021-10-20T21:09:09 IST" duration-ms="105" status="PASS">
          <reporter-output>
          </reporter-output>
        </test-method> <!-- validateAppNavBar -->
        <test-method is-config="true" signature="teardown()[pri:0, instance:Academy.validateNavigationBar@7a34b7b8]" started-at="2021-10-20T21:09:09 IST" name="teardown" finished-at="2021-10-20T21:09:09 IST" duration-ms="223" status="PASS">
          <reporter-output>
          </reporter-output>
        </test-method> <!-- teardown -->
      </class> <!-- Academy.validateNavigationBar -->
    </test> <!-- Validating navigation Bar -->
  </suite> <!-- Suite -->
</testng-results>
